2025-08-08 13:39:33 - [INFO] - [SPAN START] run_challenges - {run_id=82da529c}
2025-08-08 13:39:33 - [INFO] - Starting run - {config={'final_follow_model': <Model.grok_3_mini_fast: 'grok-3-mini-fast'>, 'final_follow_times': 2, 'max_concurrent_tasks': 2, 'steps': [{'instruction_model': <Model.grok_3_mini_fast: 'grok-3-mini-fast'>, 'follow_model': <Model.grok_3_mini_fast: 'grok-3-mini-fast'>, 'include_base64': False, 'use_diffs': True, 'timeout_secs': 300, 'times': 2}, {'instruction_model': <Model.grok_3_mini_fast: 'grok-3-mini-fast'>, 'follow_model': <Model.grok_3_mini_fast: 'grok-3-mini-fast'>, 'include_base64': False, 'use_diffs': True, 'timeout_secs': 300, 'top_scores_used': 2, 'times_per_top_score': 1}, {'instruction_model': <Model.grok_3_mini_fast: 'grok-3-mini-fast'>, 'follow_model': <Model.grok_3_mini_fast: 'grok-3-mini-fast'>, 'include_base64': False, 'use_diffs': True, 'timeout_secs': 300, 'top_scores_used': 2, 'times': 1}]}, challenges_path=/Users/jerber/code/arc/arc-lang-public/data/arc-prize-2025/arc-agi_evaluation_challenges.json, num_challenges=120, run_id=82da529c}
2025-08-08 13:39:33 - [DEBUG] - Semaphore 'run_semaphore' status: 1/2 active (50.0% saturated) - {run_id=82da529c}
2025-08-08 13:39:33 - [INFO] - Starting challenge - {task_id=0934a4d8, run_id=82da529c}
2025-08-08 13:39:33 - [INFO] - [SPAN START] solve_challenge - {task_id=0934a4d8, run_id=82da529c}
2025-08-08 13:39:33 - [INFO] - [SPAN START] step starting - {step=instruction_model=<Model.grok_3_mini_fast: 'grok-3-mini-fast'> follow_model=<Model.grok_3_mini_fast: 'grok-3-mini-fast'> include_base64=False use_diffs=True timeout_secs=300 times=2, task_id=0934a4d8, run_id=82da529c}
2025-08-08 13:39:33 - [INFO] - [SPAN START] get_instructions_from_challenge - {step={'instruction_model': <Model.grok_3_mini_fast: 'grok-3-mini-fast'>, 'follow_model': <Model.grok_3_mini_fast: 'grok-3-mini-fast'>, 'include_base64': False, 'use_diffs': True, 'timeout_secs': 300, 'times': 2}, task_id=0934a4d8, run_id=82da529c}
2025-08-08 13:39:33 - [ERROR] - [SPAN END] get_instructions_from_challenge - ERROR: cannot access local variable 'span' where it is not associated with a value - {step={'instruction_model': <Model.grok_3_mini_fast: 'grok-3-mini-fast'>, 'follow_model': <Model.grok_3_mini_fast: 'grok-3-mini-fast'>, 'include_base64': False, 'use_diffs': True, 'timeout_secs': 300, 'times': 2}, task_id=0934a4d8, run_id=82da529c}
2025-08-08 13:39:33 - [INFO] - [SPAN START] get_instructions_from_challenge - {step={'instruction_model': <Model.grok_3_mini_fast: 'grok-3-mini-fast'>, 'follow_model': <Model.grok_3_mini_fast: 'grok-3-mini-fast'>, 'include_base64': False, 'use_diffs': True, 'timeout_secs': 300, 'times': 2}, task_id=0934a4d8, run_id=82da529c}
2025-08-08 13:39:33 - [ERROR] - [SPAN END] get_instructions_from_challenge - ERROR: cannot access local variable 'span' where it is not associated with a value - {step={'instruction_model': <Model.grok_3_mini_fast: 'grok-3-mini-fast'>, 'follow_model': <Model.grok_3_mini_fast: 'grok-3-mini-fast'>, 'include_base64': False, 'use_diffs': True, 'timeout_secs': 300, 'times': 2}, task_id=0934a4d8, run_id=82da529c}
2025-08-08 13:39:33 - [ERROR] - Exception in get_multiple_scores: UnboundLocalError - {error_type=UnboundLocalError, error_message=cannot access local variable 'span' where it is not associated with a value, traceback=NoneType: None
, task_id=0934a4d8, run_id=82da529c}
2025-08-08 13:39:33 - [ERROR] - Exception in get_multiple_scores: UnboundLocalError - {error_type=UnboundLocalError, error_message=cannot access local variable 'span' where it is not associated with a value, traceback=NoneType: None
, task_id=0934a4d8, run_id=82da529c}
2025-08-08 13:39:33 - [DEBUG] - Current scores - {scores=[], task_id=0934a4d8, run_id=82da529c}
2025-08-08 13:39:33 - [INFO] - [SPAN END] step starting - {step=instruction_model=<Model.grok_3_mini_fast: 'grok-3-mini-fast'> follow_model=<Model.grok_3_mini_fast: 'grok-3-mini-fast'> include_base64=False use_diffs=True timeout_secs=300 times=2, task_id=0934a4d8, run_id=82da529c}
2025-08-08 13:39:33 - [INFO] - [SPAN START] step starting - {step=instruction_model=<Model.grok_3_mini_fast: 'grok-3-mini-fast'> follow_model=<Model.grok_3_mini_fast: 'grok-3-mini-fast'> include_base64=False use_diffs=True timeout_secs=300 top_scores_used=2 times_per_top_score=1, task_id=0934a4d8, run_id=82da529c}
2025-08-08 13:39:33 - [DEBUG] - Current scores - {scores=[], task_id=0934a4d8, run_id=82da529c}
2025-08-08 13:39:33 - [INFO] - [SPAN END] step starting - {step=instruction_model=<Model.grok_3_mini_fast: 'grok-3-mini-fast'> follow_model=<Model.grok_3_mini_fast: 'grok-3-mini-fast'> include_base64=False use_diffs=True timeout_secs=300 top_scores_used=2 times_per_top_score=1, task_id=0934a4d8, run_id=82da529c}
2025-08-08 13:39:33 - [INFO] - [SPAN START] step starting - {step=instruction_model=<Model.grok_3_mini_fast: 'grok-3-mini-fast'> follow_model=<Model.grok_3_mini_fast: 'grok-3-mini-fast'> include_base64=False use_diffs=True timeout_secs=300 top_scores_used=2 times=1, task_id=0934a4d8, run_id=82da529c}
2025-08-08 13:39:33 - [ERROR] - Cannot do pooling with no instruction scores - {task_id=0934a4d8, run_id=82da529c}
2025-08-08 13:39:33 - [DEBUG] - Current scores - {scores=[], task_id=0934a4d8, run_id=82da529c}
2025-08-08 13:39:33 - [INFO] - [SPAN END] step starting - {step=instruction_model=<Model.grok_3_mini_fast: 'grok-3-mini-fast'> follow_model=<Model.grok_3_mini_fast: 'grok-3-mini-fast'> include_base64=False use_diffs=True timeout_secs=300 top_scores_used=2 times=1, task_id=0934a4d8, run_id=82da529c}
2025-08-08 13:39:33 - [ERROR] - No instruction scores found - {task_id=0934a4d8, run_id=82da529c}
2025-08-08 13:39:33 - [ERROR] - [SPAN END] solve_challenge - ERROR: no scores... - {task_id=0934a4d8, run_id=82da529c}
2025-08-08 13:39:33 - [DEBUG] - Semaphore 'run_semaphore' status: 0/2 active (0.0% saturated) - {task_id=0934a4d8, run_id=82da529c}
2025-08-08 13:39:33 - [ERROR] - Exception in solve_challenges: Exception - {error_type=Exception, error_message=no scores..., traceback=NoneType: None
, run_id=82da529c}
2025-08-08 13:39:33 - [ERROR] - No scores for challenges - {config={'final_follow_model': <Model.grok_3_mini_fast: 'grok-3-mini-fast'>, 'final_follow_times': 2, 'max_concurrent_tasks': 2, 'steps': [{'instruction_model': <Model.grok_3_mini_fast: 'grok-3-mini-fast'>, 'follow_model': <Model.grok_3_mini_fast: 'grok-3-mini-fast'>, 'include_base64': False, 'use_diffs': True, 'timeout_secs': 300, 'times': 2}, {'instruction_model': <Model.grok_3_mini_fast: 'grok-3-mini-fast'>, 'follow_model': <Model.grok_3_mini_fast: 'grok-3-mini-fast'>, 'include_base64': False, 'use_diffs': True, 'timeout_secs': 300, 'top_scores_used': 2, 'times_per_top_score': 1}, {'instruction_model': <Model.grok_3_mini_fast: 'grok-3-mini-fast'>, 'follow_model': <Model.grok_3_mini_fast: 'grok-3-mini-fast'>, 'include_base64': False, 'use_diffs': True, 'timeout_secs': 300, 'top_scores_used': 2, 'times': 1}]}, run_id=82da529c}
2025-08-08 13:39:33 - [INFO] - Run completed - {final_scores=0, run_id=82da529c}
2025-08-08 13:39:33 - [INFO] - [SPAN END] run_challenges - {run_id=82da529c}
2025-08-08 13:49:33 - [INFO] - [SPAN START] run_challenges - {run_id=18341dec}
2025-08-08 13:49:33 - [INFO] - Starting run - {config={'final_follow_model': <Model.grok_3_mini_fast: 'grok-3-mini-fast'>, 'final_follow_times': 2, 'max_concurrent_tasks': 2, 'steps': [{'instruction_model': <Model.grok_3_mini_fast: 'grok-3-mini-fast'>, 'follow_model': <Model.grok_3_mini_fast: 'grok-3-mini-fast'>, 'include_base64': False, 'use_diffs': True, 'timeout_secs': 300, 'times': 2}, {'instruction_model': <Model.grok_3_mini_fast: 'grok-3-mini-fast'>, 'follow_model': <Model.grok_3_mini_fast: 'grok-3-mini-fast'>, 'include_base64': False, 'use_diffs': True, 'timeout_secs': 300, 'top_scores_used': 2, 'times_per_top_score': 1}, {'instruction_model': <Model.grok_3_mini_fast: 'grok-3-mini-fast'>, 'follow_model': <Model.grok_3_mini_fast: 'grok-3-mini-fast'>, 'include_base64': False, 'use_diffs': True, 'timeout_secs': 300, 'top_scores_used': 2, 'times': 1}]}, challenges_path=/Users/jerber/code/arc/arc-lang-public/data/arc-prize-2025/arc-agi_evaluation_challenges.json, num_challenges=120, run_id=18341dec}
2025-08-08 13:49:33 - [DEBUG] - Semaphore 'run_semaphore' status: 1/2 active (50.0% saturated) - {run_id=18341dec}
2025-08-08 13:49:33 - [INFO] - Starting challenge - {task_id=0934a4d8, run_id=18341dec}
2025-08-08 13:49:33 - [INFO] - [SPAN START] solve_challenge - {task_id=0934a4d8, run_id=18341dec}
2025-08-08 13:49:33 - [INFO] - [SPAN START] step starting - {step=instruction_model=<Model.grok_3_mini_fast: 'grok-3-mini-fast'> follow_model=<Model.grok_3_mini_fast: 'grok-3-mini-fast'> include_base64=False use_diffs=True timeout_secs=300 times=2, task_id=0934a4d8, run_id=18341dec}
2025-08-08 13:49:33 - [INFO] - [SPAN START] get_instructions_from_challenge - {step={'instruction_model': <Model.grok_3_mini_fast: 'grok-3-mini-fast'>, 'follow_model': <Model.grok_3_mini_fast: 'grok-3-mini-fast'>, 'include_base64': False, 'use_diffs': True, 'timeout_secs': 300, 'times': 2}, task_id=0934a4d8, run_id=18341dec}
2025-08-08 13:49:33 - [ERROR] - [SPAN END] get_instructions_from_challenge - ERROR: cannot access local variable 'span' where it is not associated with a value - {step={'instruction_model': <Model.grok_3_mini_fast: 'grok-3-mini-fast'>, 'follow_model': <Model.grok_3_mini_fast: 'grok-3-mini-fast'>, 'include_base64': False, 'use_diffs': True, 'timeout_secs': 300, 'times': 2}, task_id=0934a4d8, run_id=18341dec}
2025-08-08 13:49:33 - [INFO] - [SPAN START] get_instructions_from_challenge - {step={'instruction_model': <Model.grok_3_mini_fast: 'grok-3-mini-fast'>, 'follow_model': <Model.grok_3_mini_fast: 'grok-3-mini-fast'>, 'include_base64': False, 'use_diffs': True, 'timeout_secs': 300, 'times': 2}, task_id=0934a4d8, run_id=18341dec}
2025-08-08 13:49:33 - [ERROR] - [SPAN END] get_instructions_from_challenge - ERROR: cannot access local variable 'span' where it is not associated with a value - {step={'instruction_model': <Model.grok_3_mini_fast: 'grok-3-mini-fast'>, 'follow_model': <Model.grok_3_mini_fast: 'grok-3-mini-fast'>, 'include_base64': False, 'use_diffs': True, 'timeout_secs': 300, 'times': 2}, task_id=0934a4d8, run_id=18341dec}
2025-08-08 13:49:33 - [ERROR] - Exception in get_multiple_scores: UnboundLocalError - {error_type=UnboundLocalError, error_message=cannot access local variable 'span' where it is not associated with a value, traceback=NoneType: None
, task_id=0934a4d8, run_id=18341dec}
2025-08-08 13:49:33 - [ERROR] - Exception in get_multiple_scores: UnboundLocalError - {error_type=UnboundLocalError, error_message=cannot access local variable 'span' where it is not associated with a value, traceback=NoneType: None
, task_id=0934a4d8, run_id=18341dec}
2025-08-08 13:49:33 - [DEBUG] - Current scores - {scores=[], task_id=0934a4d8, run_id=18341dec}
2025-08-08 13:49:33 - [INFO] - [SPAN END] step starting - {step=instruction_model=<Model.grok_3_mini_fast: 'grok-3-mini-fast'> follow_model=<Model.grok_3_mini_fast: 'grok-3-mini-fast'> include_base64=False use_diffs=True timeout_secs=300 times=2, task_id=0934a4d8, run_id=18341dec}
2025-08-08 13:49:33 - [INFO] - [SPAN START] step starting - {step=instruction_model=<Model.grok_3_mini_fast: 'grok-3-mini-fast'> follow_model=<Model.grok_3_mini_fast: 'grok-3-mini-fast'> include_base64=False use_diffs=True timeout_secs=300 top_scores_used=2 times_per_top_score=1, task_id=0934a4d8, run_id=18341dec}
2025-08-08 13:49:33 - [DEBUG] - Current scores - {scores=[], task_id=0934a4d8, run_id=18341dec}
2025-08-08 13:49:33 - [INFO] - [SPAN END] step starting - {step=instruction_model=<Model.grok_3_mini_fast: 'grok-3-mini-fast'> follow_model=<Model.grok_3_mini_fast: 'grok-3-mini-fast'> include_base64=False use_diffs=True timeout_secs=300 top_scores_used=2 times_per_top_score=1, task_id=0934a4d8, run_id=18341dec}
2025-08-08 13:49:33 - [INFO] - [SPAN START] step starting - {step=instruction_model=<Model.grok_3_mini_fast: 'grok-3-mini-fast'> follow_model=<Model.grok_3_mini_fast: 'grok-3-mini-fast'> include_base64=False use_diffs=True timeout_secs=300 top_scores_used=2 times=1, task_id=0934a4d8, run_id=18341dec}
2025-08-08 13:49:33 - [ERROR] - Cannot do pooling with no instruction scores - {task_id=0934a4d8, run_id=18341dec}
2025-08-08 13:49:33 - [DEBUG] - Current scores - {scores=[], task_id=0934a4d8, run_id=18341dec}
2025-08-08 13:49:33 - [INFO] - [SPAN END] step starting - {step=instruction_model=<Model.grok_3_mini_fast: 'grok-3-mini-fast'> follow_model=<Model.grok_3_mini_fast: 'grok-3-mini-fast'> include_base64=False use_diffs=True timeout_secs=300 top_scores_used=2 times=1, task_id=0934a4d8, run_id=18341dec}
2025-08-08 13:49:33 - [ERROR] - No instruction scores found - {task_id=0934a4d8, run_id=18341dec}
2025-08-08 13:49:33 - [ERROR] - [SPAN END] solve_challenge - ERROR: no scores... - {task_id=0934a4d8, run_id=18341dec}
2025-08-08 13:49:33 - [DEBUG] - Semaphore 'run_semaphore' status: 0/2 active (0.0% saturated) - {task_id=0934a4d8, run_id=18341dec}
2025-08-08 13:49:33 - [ERROR] - Exception in solve_challenges: Exception - {error_type=Exception, error_message=no scores..., traceback=NoneType: None
, run_id=18341dec}
2025-08-08 13:49:33 - [ERROR] - No scores for challenges - {config={'final_follow_model': <Model.grok_3_mini_fast: 'grok-3-mini-fast'>, 'final_follow_times': 2, 'max_concurrent_tasks': 2, 'steps': [{'instruction_model': <Model.grok_3_mini_fast: 'grok-3-mini-fast'>, 'follow_model': <Model.grok_3_mini_fast: 'grok-3-mini-fast'>, 'include_base64': False, 'use_diffs': True, 'timeout_secs': 300, 'times': 2}, {'instruction_model': <Model.grok_3_mini_fast: 'grok-3-mini-fast'>, 'follow_model': <Model.grok_3_mini_fast: 'grok-3-mini-fast'>, 'include_base64': False, 'use_diffs': True, 'timeout_secs': 300, 'top_scores_used': 2, 'times_per_top_score': 1}, {'instruction_model': <Model.grok_3_mini_fast: 'grok-3-mini-fast'>, 'follow_model': <Model.grok_3_mini_fast: 'grok-3-mini-fast'>, 'include_base64': False, 'use_diffs': True, 'timeout_secs': 300, 'top_scores_used': 2, 'times': 1}]}, run_id=18341dec}
2025-08-08 13:49:33 - [INFO] - Run completed - {final_scores=0, run_id=18341dec}
2025-08-08 13:49:33 - [INFO] - [SPAN END] run_challenges - {run_id=18341dec}
2025-08-08 13:50:52 - [INFO] - Unified logging initialized - writing to logs/arc-lang.log - {}
2025-08-08 13:50:52 - [INFO] - smoke_test_info - {}
2025-08-08 13:50:52 - [DEBUG] - smoke_test_debug - {foo=bar}
2025-08-08 13:50:55 - [INFO] - Unified logging initialized - writing to logs/arc-lang.log - {}
2025-08-08 13:50:55 - [INFO] - [SPAN START] run_challenges - {run_id=48994f66}
2025-08-08 13:50:55 - [INFO] - Starting run - {config={'final_follow_model': <Model.grok_3_mini_fast: 'grok-3-mini-fast'>, 'final_follow_times': 2, 'max_concurrent_tasks': 2, 'steps': [{'instruction_model': <Model.grok_3_mini_fast: 'grok-3-mini-fast'>, 'follow_model': <Model.grok_3_mini_fast: 'grok-3-mini-fast'>, 'include_base64': False, 'use_diffs': True, 'timeout_secs': 300, 'times': 2}, {'instruction_model': <Model.grok_3_mini_fast: 'grok-3-mini-fast'>, 'follow_model': <Model.grok_3_mini_fast: 'grok-3-mini-fast'>, 'include_base64': False, 'use_diffs': True, 'timeout_secs': 300, 'top_scores_used': 2, 'times_per_top_score': 1}, {'instruction_model': <Model.grok_3_mini_fast: 'grok-3-mini-fast'>, 'follow_model': <Model.grok_3_mini_fast: 'grok-3-mini-fast'>, 'include_base64': False, 'use_diffs': True, 'timeout_secs': 300, 'top_scores_used': 2, 'times': 1}]}, challenges_path=/Users/jerber/code/arc/arc-lang-public/data/arc-prize-2025/arc-agi_evaluation_challenges.json, num_challenges=120, run_id=48994f66}
2025-08-08 13:50:55 - [DEBUG] - Semaphore 'run_semaphore' status: 1/2 active (50.0% saturated) - {run_id=48994f66}
2025-08-08 13:50:55 - [INFO] - Starting challenge - {task_id=0934a4d8, run_id=48994f66}
2025-08-08 13:50:55 - [INFO] - [SPAN START] solve_challenge - {task_id=0934a4d8, run_id=48994f66}
2025-08-08 13:50:55 - [INFO] - [SPAN START] step starting - {step=instruction_model=<Model.grok_3_mini_fast: 'grok-3-mini-fast'> follow_model=<Model.grok_3_mini_fast: 'grok-3-mini-fast'> include_base64=False use_diffs=True timeout_secs=300 times=2, task_id=0934a4d8, run_id=48994f66}
2025-08-08 13:50:55 - [INFO] - [SPAN START] get_instructions_from_challenge - {step={'instruction_model': <Model.grok_3_mini_fast: 'grok-3-mini-fast'>, 'follow_model': <Model.grok_3_mini_fast: 'grok-3-mini-fast'>, 'include_base64': False, 'use_diffs': True, 'timeout_secs': 300, 'times': 2}, task_id=0934a4d8, run_id=48994f66}
2025-08-08 13:50:55 - [ERROR] - [SPAN END] get_instructions_from_challenge - ERROR: cannot access local variable 'span' where it is not associated with a value - {step={'instruction_model': <Model.grok_3_mini_fast: 'grok-3-mini-fast'>, 'follow_model': <Model.grok_3_mini_fast: 'grok-3-mini-fast'>, 'include_base64': False, 'use_diffs': True, 'timeout_secs': 300, 'times': 2}, task_id=0934a4d8, run_id=48994f66}
2025-08-08 13:50:55 - [INFO] - [SPAN START] get_instructions_from_challenge - {step={'instruction_model': <Model.grok_3_mini_fast: 'grok-3-mini-fast'>, 'follow_model': <Model.grok_3_mini_fast: 'grok-3-mini-fast'>, 'include_base64': False, 'use_diffs': True, 'timeout_secs': 300, 'times': 2}, task_id=0934a4d8, run_id=48994f66}
2025-08-08 13:50:55 - [ERROR] - [SPAN END] get_instructions_from_challenge - ERROR: cannot access local variable 'span' where it is not associated with a value - {step={'instruction_model': <Model.grok_3_mini_fast: 'grok-3-mini-fast'>, 'follow_model': <Model.grok_3_mini_fast: 'grok-3-mini-fast'>, 'include_base64': False, 'use_diffs': True, 'timeout_secs': 300, 'times': 2}, task_id=0934a4d8, run_id=48994f66}
2025-08-08 13:50:55 - [ERROR] - Exception in get_multiple_scores: UnboundLocalError - {error_type=UnboundLocalError, error_message=cannot access local variable 'span' where it is not associated with a value, traceback=NoneType: None
, task_id=0934a4d8, run_id=48994f66}
2025-08-08 13:50:55 - [ERROR] - Exception in get_multiple_scores: UnboundLocalError - {error_type=UnboundLocalError, error_message=cannot access local variable 'span' where it is not associated with a value, traceback=NoneType: None
, task_id=0934a4d8, run_id=48994f66}
2025-08-08 13:50:55 - [DEBUG] - Current scores - {scores=[], task_id=0934a4d8, run_id=48994f66}
2025-08-08 13:50:55 - [INFO] - [SPAN END] step starting - {step=instruction_model=<Model.grok_3_mini_fast: 'grok-3-mini-fast'> follow_model=<Model.grok_3_mini_fast: 'grok-3-mini-fast'> include_base64=False use_diffs=True timeout_secs=300 times=2, task_id=0934a4d8, run_id=48994f66}
2025-08-08 13:50:55 - [INFO] - [SPAN START] step starting - {step=instruction_model=<Model.grok_3_mini_fast: 'grok-3-mini-fast'> follow_model=<Model.grok_3_mini_fast: 'grok-3-mini-fast'> include_base64=False use_diffs=True timeout_secs=300 top_scores_used=2 times_per_top_score=1, task_id=0934a4d8, run_id=48994f66}
2025-08-08 13:50:55 - [DEBUG] - Current scores - {scores=[], task_id=0934a4d8, run_id=48994f66}
2025-08-08 13:50:55 - [INFO] - [SPAN END] step starting - {step=instruction_model=<Model.grok_3_mini_fast: 'grok-3-mini-fast'> follow_model=<Model.grok_3_mini_fast: 'grok-3-mini-fast'> include_base64=False use_diffs=True timeout_secs=300 top_scores_used=2 times_per_top_score=1, task_id=0934a4d8, run_id=48994f66}
2025-08-08 13:50:55 - [INFO] - [SPAN START] step starting - {step=instruction_model=<Model.grok_3_mini_fast: 'grok-3-mini-fast'> follow_model=<Model.grok_3_mini_fast: 'grok-3-mini-fast'> include_base64=False use_diffs=True timeout_secs=300 top_scores_used=2 times=1, task_id=0934a4d8, run_id=48994f66}
2025-08-08 13:50:55 - [ERROR] - Cannot do pooling with no instruction scores - {task_id=0934a4d8, run_id=48994f66}
2025-08-08 13:50:55 - [DEBUG] - Current scores - {scores=[], task_id=0934a4d8, run_id=48994f66}
2025-08-08 13:50:55 - [INFO] - [SPAN END] step starting - {step=instruction_model=<Model.grok_3_mini_fast: 'grok-3-mini-fast'> follow_model=<Model.grok_3_mini_fast: 'grok-3-mini-fast'> include_base64=False use_diffs=True timeout_secs=300 top_scores_used=2 times=1, task_id=0934a4d8, run_id=48994f66}
2025-08-08 13:50:55 - [ERROR] - No instruction scores found - {task_id=0934a4d8, run_id=48994f66}
2025-08-08 13:50:55 - [ERROR] - [SPAN END] solve_challenge - ERROR: no scores... - {task_id=0934a4d8, run_id=48994f66}
2025-08-08 13:50:55 - [DEBUG] - Semaphore 'run_semaphore' status: 0/2 active (0.0% saturated) - {task_id=0934a4d8, run_id=48994f66}
2025-08-08 13:50:55 - [ERROR] - Exception in solve_challenges: Exception - {error_type=Exception, error_message=no scores..., traceback=NoneType: None
, run_id=48994f66}
2025-08-08 13:50:55 - [ERROR] - No scores for challenges - {config={'final_follow_model': <Model.grok_3_mini_fast: 'grok-3-mini-fast'>, 'final_follow_times': 2, 'max_concurrent_tasks': 2, 'steps': [{'instruction_model': <Model.grok_3_mini_fast: 'grok-3-mini-fast'>, 'follow_model': <Model.grok_3_mini_fast: 'grok-3-mini-fast'>, 'include_base64': False, 'use_diffs': True, 'timeout_secs': 300, 'times': 2}, {'instruction_model': <Model.grok_3_mini_fast: 'grok-3-mini-fast'>, 'follow_model': <Model.grok_3_mini_fast: 'grok-3-mini-fast'>, 'include_base64': False, 'use_diffs': True, 'timeout_secs': 300, 'top_scores_used': 2, 'times_per_top_score': 1}, {'instruction_model': <Model.grok_3_mini_fast: 'grok-3-mini-fast'>, 'follow_model': <Model.grok_3_mini_fast: 'grok-3-mini-fast'>, 'include_base64': False, 'use_diffs': True, 'timeout_secs': 300, 'top_scores_used': 2, 'times': 1}]}, run_id=48994f66}
2025-08-08 13:50:55 - [INFO] - Run completed - {final_scores=0, run_id=48994f66}
2025-08-08 13:50:55 - [INFO] - [SPAN END] run_challenges - {run_id=48994f66}
2025-08-08 13:51:21 - [INFO] - Unified logging initialized - writing to logs/arc-lang.log - {}
2025-08-08 13:51:22 - [INFO] - [SPAN START] run_challenges - {run_id=94dea9ba}
2025-08-08 13:51:22 - [INFO] - Starting run - {config={'final_follow_model': <Model.grok_3_mini_fast: 'grok-3-mini-fast'>, 'final_follow_times': 2, 'max_concurrent_tasks': 2, 'steps': [{'instruction_model': <Model.grok_3_mini_fast: 'grok-3-mini-fast'>, 'follow_model': <Model.grok_3_mini_fast: 'grok-3-mini-fast'>, 'include_base64': False, 'use_diffs': True, 'timeout_secs': 300, 'times': 2}, {'instruction_model': <Model.grok_3_mini_fast: 'grok-3-mini-fast'>, 'follow_model': <Model.grok_3_mini_fast: 'grok-3-mini-fast'>, 'include_base64': False, 'use_diffs': True, 'timeout_secs': 300, 'top_scores_used': 2, 'times_per_top_score': 1}, {'instruction_model': <Model.grok_3_mini_fast: 'grok-3-mini-fast'>, 'follow_model': <Model.grok_3_mini_fast: 'grok-3-mini-fast'>, 'include_base64': False, 'use_diffs': True, 'timeout_secs': 300, 'top_scores_used': 2, 'times': 1}]}, challenges_path=/Users/jerber/code/arc/arc-lang-public/data/arc-prize-2025/arc-agi_evaluation_challenges.json, num_challenges=120, run_id=94dea9ba}
2025-08-08 13:51:22 - [DEBUG] - Semaphore 'run_semaphore' status: 1/2 active (50.0% saturated) - {run_id=94dea9ba}
2025-08-08 13:51:22 - [INFO] - Starting challenge - {task_id=0934a4d8, run_id=94dea9ba}
2025-08-08 13:51:22 - [INFO] - [SPAN START] solve_challenge - {task_id=0934a4d8, run_id=94dea9ba}
2025-08-08 13:51:22 - [INFO] - [SPAN START] step starting - {step=instruction_model=<Model.grok_3_mini_fast: 'grok-3-mini-fast'> follow_model=<Model.grok_3_mini_fast: 'grok-3-mini-fast'> include_base64=False use_diffs=True timeout_secs=300 times=2, task_id=0934a4d8, run_id=94dea9ba}
2025-08-08 13:51:22 - [INFO] - [SPAN START] get_instructions_from_challenge - {step={'instruction_model': <Model.grok_3_mini_fast: 'grok-3-mini-fast'>, 'follow_model': <Model.grok_3_mini_fast: 'grok-3-mini-fast'>, 'include_base64': False, 'use_diffs': True, 'timeout_secs': 300, 'times': 2}, task_id=0934a4d8, run_id=94dea9ba}
2025-08-08 13:51:22 - [ERROR] - [SPAN END] get_instructions_from_challenge - ERROR: cannot access local variable 'span' where it is not associated with a value - {step={'instruction_model': <Model.grok_3_mini_fast: 'grok-3-mini-fast'>, 'follow_model': <Model.grok_3_mini_fast: 'grok-3-mini-fast'>, 'include_base64': False, 'use_diffs': True, 'timeout_secs': 300, 'times': 2}, task_id=0934a4d8, run_id=94dea9ba}
2025-08-08 13:51:22 - [INFO] - [SPAN START] get_instructions_from_challenge - {step={'instruction_model': <Model.grok_3_mini_fast: 'grok-3-mini-fast'>, 'follow_model': <Model.grok_3_mini_fast: 'grok-3-mini-fast'>, 'include_base64': False, 'use_diffs': True, 'timeout_secs': 300, 'times': 2}, task_id=0934a4d8, run_id=94dea9ba}
2025-08-08 13:51:22 - [ERROR] - [SPAN END] get_instructions_from_challenge - ERROR: cannot access local variable 'span' where it is not associated with a value - {step={'instruction_model': <Model.grok_3_mini_fast: 'grok-3-mini-fast'>, 'follow_model': <Model.grok_3_mini_fast: 'grok-3-mini-fast'>, 'include_base64': False, 'use_diffs': True, 'timeout_secs': 300, 'times': 2}, task_id=0934a4d8, run_id=94dea9ba}
2025-08-08 13:51:22 - [ERROR] - Exception in get_multiple_scores: UnboundLocalError - {error_type=UnboundLocalError, error_message=cannot access local variable 'span' where it is not associated with a value, traceback=NoneType: None
, task_id=0934a4d8, run_id=94dea9ba}
2025-08-08 13:51:22 - [ERROR] - Exception in get_multiple_scores: UnboundLocalError - {error_type=UnboundLocalError, error_message=cannot access local variable 'span' where it is not associated with a value, traceback=NoneType: None
, task_id=0934a4d8, run_id=94dea9ba}
2025-08-08 13:51:22 - [DEBUG] - Current scores - {scores=[], task_id=0934a4d8, run_id=94dea9ba}
2025-08-08 13:51:22 - [INFO] - [SPAN END] step starting - {step=instruction_model=<Model.grok_3_mini_fast: 'grok-3-mini-fast'> follow_model=<Model.grok_3_mini_fast: 'grok-3-mini-fast'> include_base64=False use_diffs=True timeout_secs=300 times=2, task_id=0934a4d8, run_id=94dea9ba}
2025-08-08 13:51:22 - [INFO] - [SPAN START] step starting - {step=instruction_model=<Model.grok_3_mini_fast: 'grok-3-mini-fast'> follow_model=<Model.grok_3_mini_fast: 'grok-3-mini-fast'> include_base64=False use_diffs=True timeout_secs=300 top_scores_used=2 times_per_top_score=1, task_id=0934a4d8, run_id=94dea9ba}
2025-08-08 13:51:22 - [DEBUG] - Current scores - {scores=[], task_id=0934a4d8, run_id=94dea9ba}
2025-08-08 13:51:22 - [INFO] - [SPAN END] step starting - {step=instruction_model=<Model.grok_3_mini_fast: 'grok-3-mini-fast'> follow_model=<Model.grok_3_mini_fast: 'grok-3-mini-fast'> include_base64=False use_diffs=True timeout_secs=300 top_scores_used=2 times_per_top_score=1, task_id=0934a4d8, run_id=94dea9ba}
2025-08-08 13:51:22 - [INFO] - [SPAN START] step starting - {step=instruction_model=<Model.grok_3_mini_fast: 'grok-3-mini-fast'> follow_model=<Model.grok_3_mini_fast: 'grok-3-mini-fast'> include_base64=False use_diffs=True timeout_secs=300 top_scores_used=2 times=1, task_id=0934a4d8, run_id=94dea9ba}
2025-08-08 13:51:22 - [ERROR] - Cannot do pooling with no instruction scores - {task_id=0934a4d8, run_id=94dea9ba}
2025-08-08 13:51:22 - [DEBUG] - Current scores - {scores=[], task_id=0934a4d8, run_id=94dea9ba}
2025-08-08 13:51:22 - [INFO] - [SPAN END] step starting - {step=instruction_model=<Model.grok_3_mini_fast: 'grok-3-mini-fast'> follow_model=<Model.grok_3_mini_fast: 'grok-3-mini-fast'> include_base64=False use_diffs=True timeout_secs=300 top_scores_used=2 times=1, task_id=0934a4d8, run_id=94dea9ba}
2025-08-08 13:51:22 - [ERROR] - No instruction scores found - {task_id=0934a4d8, run_id=94dea9ba}
2025-08-08 13:51:22 - [ERROR] - [SPAN END] solve_challenge - ERROR: no scores... - {task_id=0934a4d8, run_id=94dea9ba}
2025-08-08 13:51:22 - [DEBUG] - Semaphore 'run_semaphore' status: 0/2 active (0.0% saturated) - {task_id=0934a4d8, run_id=94dea9ba}
2025-08-08 13:51:22 - [ERROR] - Exception in solve_challenges: Exception - {error_type=Exception, error_message=no scores..., traceback=NoneType: None
, run_id=94dea9ba}
2025-08-08 13:51:22 - [ERROR] - No scores for challenges - {config={'final_follow_model': <Model.grok_3_mini_fast: 'grok-3-mini-fast'>, 'final_follow_times': 2, 'max_concurrent_tasks': 2, 'steps': [{'instruction_model': <Model.grok_3_mini_fast: 'grok-3-mini-fast'>, 'follow_model': <Model.grok_3_mini_fast: 'grok-3-mini-fast'>, 'include_base64': False, 'use_diffs': True, 'timeout_secs': 300, 'times': 2}, {'instruction_model': <Model.grok_3_mini_fast: 'grok-3-mini-fast'>, 'follow_model': <Model.grok_3_mini_fast: 'grok-3-mini-fast'>, 'include_base64': False, 'use_diffs': True, 'timeout_secs': 300, 'top_scores_used': 2, 'times_per_top_score': 1}, {'instruction_model': <Model.grok_3_mini_fast: 'grok-3-mini-fast'>, 'follow_model': <Model.grok_3_mini_fast: 'grok-3-mini-fast'>, 'include_base64': False, 'use_diffs': True, 'timeout_secs': 300, 'top_scores_used': 2, 'times': 1}]}, run_id=94dea9ba}
2025-08-08 13:51:22 - [INFO] - Run completed - {final_scores=0, run_id=94dea9ba}
2025-08-08 13:51:22 - [INFO] - [SPAN END] run_challenges - {run_id=94dea9ba}
